<?xml version="1.0" encoding="UTF-8"?>
<testsuite xmlns:xsi="http://www.w3.org/2001/XMLSchema-instance" xsi:noNamespaceSchemaLocation="https://maven.apache.org/surefire/maven-surefire-plugin/xsd/surefire-test-report.xsd" name="com.keven.rpc.AppTest" time="0.081" tests="1" errors="0" skipped="0" failures="0">
  <properties>
    <property name="sun.desktop" value="windows"/>
    <property name="awt.toolkit" value="sun.awt.windows.WToolkit"/>
    <property name="file.encoding.pkg" value="sun.io"/>
    <property name="java.specification.version" value="1.8"/>
    <property name="sun.cpu.isalist" value="amd64"/>
    <property name="sun.jnu.encoding" value="GBK"/>
    <property name="java.class.path" value="Z:\githubProject\order-service\order-provider\target\test-classes;Z:\githubProject\order-service\order-provider\target\classes;H:\tools\Maven-3.6.1\repository\junit\junit\4.11\junit-4.11.jar;H:\tools\Maven-3.6.1\repository\org\hamcrest\hamcrest-core\1.3\hamcrest-core-1.3.jar;Z:\githubProject\order-service\order-api\target\order-api-1.0-SNAPSHOT.jar;H:\tools\Maven-3.6.1\repository\org\springframework\spring-context\5.2.7.RELEASE\spring-context-5.2.7.RELEASE.jar;H:\tools\Maven-3.6.1\repository\org\springframework\spring-aop\5.2.7.RELEASE\spring-aop-5.2.7.RELEASE.jar;H:\tools\Maven-3.6.1\repository\org\springframework\spring-beans\5.2.7.RELEASE\spring-beans-5.2.7.RELEASE.jar;H:\tools\Maven-3.6.1\repository\org\springframework\spring-core\5.2.7.RELEASE\spring-core-5.2.7.RELEASE.jar;H:\tools\Maven-3.6.1\repository\org\springframework\spring-jcl\5.2.7.RELEASE\spring-jcl-5.2.7.RELEASE.jar;H:\tools\Maven-3.6.1\repository\org\springframework\spring-expression\5.2.7.RELEASE\spring-expression-5.2.7.RELEASE.jar;"/>
    <property name="java.vm.vendor" value="Oracle Corporation"/>
    <property name="sun.arch.data.model" value="64"/>
    <property name="user.variant" value=""/>
    <property name="java.vendor.url" value="http://java.oracle.com/"/>
    <property name="user.timezone" value="Asia/Shanghai"/>
    <property name="java.vm.specification.version" value="1.8"/>
    <property name="os.name" value="Windows 10"/>
    <property name="user.country" value="CN"/>
    <property name="sun.java.launcher" value="SUN_STANDARD"/>
    <property name="sun.boot.library.path" value="H:\Java\jre\bin"/>
    <property name="sun.java.command" value="C:\Users\keven\AppData\Local\Temp\surefire8154667001630527010\surefirebooter5944201342887789948.jar C:\Users\keven\AppData\Local\Temp\surefire8154667001630527010 2020-08-06T11-40-48_270-jvmRun1 surefire1086246980676218058tmp surefire_1708995461987079619tmp"/>
    <property name="surefire.test.class.path" value="Z:\githubProject\order-service\order-provider\target\test-classes;Z:\githubProject\order-service\order-provider\target\classes;H:\tools\Maven-3.6.1\repository\junit\junit\4.11\junit-4.11.jar;H:\tools\Maven-3.6.1\repository\org\hamcrest\hamcrest-core\1.3\hamcrest-core-1.3.jar;Z:\githubProject\order-service\order-api\target\order-api-1.0-SNAPSHOT.jar;H:\tools\Maven-3.6.1\repository\org\springframework\spring-context\5.2.7.RELEASE\spring-context-5.2.7.RELEASE.jar;H:\tools\Maven-3.6.1\repository\org\springframework\spring-aop\5.2.7.RELEASE\spring-aop-5.2.7.RELEASE.jar;H:\tools\Maven-3.6.1\repository\org\springframework\spring-beans\5.2.7.RELEASE\spring-beans-5.2.7.RELEASE.jar;H:\tools\Maven-3.6.1\repository\org\springframework\spring-core\5.2.7.RELEASE\spring-core-5.2.7.RELEASE.jar;H:\tools\Maven-3.6.1\repository\org\springframework\spring-jcl\5.2.7.RELEASE\spring-jcl-5.2.7.RELEASE.jar;H:\tools\Maven-3.6.1\repository\org\springframework\spring-expression\5.2.7.RELEASE\spring-expression-5.2.7.RELEASE.jar;"/>
    <property name="sun.cpu.endian" value="little"/>
    <property name="user.home" value="C:\Users\keven"/>
    <property name="user.language" value="zh"/>
    <property name="java.specification.vendor" value="Oracle Corporation"/>
    <property name="java.home" value="H:\Java\jre"/>
    <property name="basedir" value="Z:\githubProject\order-service\order-provider"/>
    <property name="file.separator" value="\"/>
    <property name="line.separator" value="&#10;"/>
    <property name="java.vm.specification.vendor" value="Oracle Corporation"/>
    <property name="java.specification.name" value="Java Platform API Specification"/>
    <property name="java.awt.graphicsenv" value="sun.awt.Win32GraphicsEnvironment"/>
    <property name="surefire.real.class.path" value="C:\Users\keven\AppData\Local\Temp\surefire8154667001630527010\surefirebooter5944201342887789948.jar"/>
    <property name="sun.boot.class.path" value="H:\Java\jre\lib\resources.jar;H:\Java\jre\lib\rt.jar;H:\Java\jre\lib\sunrsasign.jar;H:\Java\jre\lib\jsse.jar;H:\Java\jre\lib\jce.jar;H:\Java\jre\lib\charsets.jar;H:\Java\jre\lib\jfr.jar;H:\Java\jre\classes"/>
    <property name="user.script" value=""/>
    <property name="sun.management.compiler" value="HotSpot 64-Bit Tiered Compilers"/>
    <property name="java.runtime.version" value="1.8.0_202-b08"/>
    <property name="user.name" value="keven"/>
    <property name="path.separator" value=";"/>
    <property name="os.version" value="10.0"/>
    <property name="java.endorsed.dirs" value="H:\Java\jre\lib\endorsed"/>
    <property name="java.runtime.name" value="Java(TM) SE Runtime Environment"/>
    <property name="file.encoding" value="GBK"/>
    <property name="java.vm.name" value="Java HotSpot(TM) 64-Bit Server VM"/>
    <property name="localRepository" value="H:\tools\Maven-3.6.1\repository"/>
    <property name="java.vendor.url.bug" value="http://bugreport.sun.com/bugreport/"/>
    <property name="java.io.tmpdir" value="C:\Users\keven\AppData\Local\Temp\"/>
    <property name="idea.version" value="2018.3"/>
    <property name="java.version" value="1.8.0_202"/>
    <property name="user.dir" value="Z:\githubProject\order-service\order-provider"/>
    <property name="os.arch" value="amd64"/>
    <property name="java.vm.specification.name" value="Java Virtual Machine Specification"/>
    <property name="java.awt.printerjob" value="sun.awt.windows.WPrinterJob"/>
    <property name="sun.os.patch.level" value=""/>
    <property name="java.library.path" value="H:\Java\jre\bin;C:\WINDOWS\Sun\Java\bin;C:\WINDOWS\system32;C:\WINDOWS;C:\Program Files (x86)\Common Files\Oracle\Java\javapath;C:\WINDOWS\system32;C:\WINDOWS;C:\WINDOWS\System32\Wbem;C:\WINDOWS\System32\WindowsPowerShell\v1.0\;C:\WINDOWS\System32\OpenSSH\;H:\tools\windows-git\cmd;H:\tools\node\;Z:\githubBlog\Ruby25-x64\bin;C:\Program Files\MySQL\MySQL Shell 8.0\bin\;C:\Users\keven\AppData\Local\Keybase\;C:\Users\keven\AppData\Roaming\npm;C:\Users\keven\AppData\Local\GitHubDesktop\bin;."/>
    <property name="java.vm.info" value="mixed mode"/>
    <property name="java.vendor" value="Oracle Corporation"/>
    <property name="java.vm.version" value="25.202-b08"/>
    <property name="java.ext.dirs" value="H:\Java\jre\lib\ext;C:\WINDOWS\Sun\Java\lib\ext"/>
    <property name="sun.io.unicode.encoding" value="UnicodeLittle"/>
    <property name="maven.repo.local" value="H:\tools\Maven-3.6.1\repository"/>
    <property name="java.class.version" value="52.0"/>
  </properties>
  <testcase name="shouldAnswerWithTrue" classname="com.keven.rpc.AppTest" time="0.002"/>
</testsuite>